::1 - - [21/Nov/2019:14:28:26 +0000] "GET /api/products HTTP/1.1" 404 151
::1 - - [21/Nov/2019:14:33:34 +0000] "GET /api/products HTTP/1.1" 404 151
::1 - - [21/Nov/2019:14:39:41 +0000] "GET /api/products HTTP/1.1" 404 151
::1 - - [21/Nov/2019:14:40:28 +0000] "GET /api/ HTTP/1.1" 200 2
::1 - - [21/Nov/2019:14:41:30 +0000] "POST /api/ HTTP/1.1" 404 144
::1 - - [21/Nov/2019:14:41:36 +0000] "POST /api/add HTTP/1.1" 200 149
::1 - - [21/Nov/2019:14:41:45 +0000] "GET /api/ HTTP/1.1" 200 151
::1 - - [21/Nov/2019:14:49:47 +0000] "GET /api/ HTTP/1.1" 200 151
::1 - - [21/Nov/2019:14:51:05 +0000] "GET /api/ HTTP/1.1" 200 151
::1 - - [21/Nov/2019:14:51:05 +0000] "GET /api/ HTTP/1.1" 200 151
::1 - - [21/Nov/2019:14:51:06 +0000] "GET /api/ HTTP/1.1" 200 151
::1 - - [21/Nov/2019:14:51:21 +0000] "GET /api/add HTTP/1.1" 404 146
::1 - - [21/Nov/2019:14:52:12 +0000] "GET /api/add HTTP/1.1" 404 146
::1 - - [21/Nov/2019:14:52:13 +0000] "GET /api/add HTTP/1.1" 404 146
::1 - - [21/Nov/2019:14:52:18 +0000] "POST /api/add HTTP/1.1" 200 149
::1 - - [21/Nov/2019:14:52:18 +0000] "POST /api/add HTTP/1.1" 200 149
::1 - - [21/Nov/2019:14:52:19 +0000] "POST /api/add HTTP/1.1" 200 149
::1 - - [21/Nov/2019:14:52:39 +0000] "POST /api/add HTTP/1.1" 200 149
::1 - - [21/Nov/2019:14:52:39 +0000] "POST /api/add HTTP/1.1" 200 149
::1 - - [21/Nov/2019:14:52:40 +0000] "POST /api/add HTTP/1.1" 200 149
::1 - - [21/Nov/2019:14:52:40 +0000] "POST /api/add HTTP/1.1" 200 149
::1 - - [21/Nov/2019:14:52:41 +0000] "POST /api/add HTTP/1.1" 200 149
::1 - - [21/Nov/2019:15:02:31 +0000] "POST /api/add HTTP/1.1" 200 149
::1 - - [21/Nov/2019:15:02:32 +0000] "POST /api/add HTTP/1.1" 200 149
::1 - - [21/Nov/2019:15:02:32 +0000] "POST /api/add HTTP/1.1" 200 149
::1 - - [21/Nov/2019:15:03:37 +0000] "POST /api/add HTTP/1.1" 200 149
::1 - - [21/Nov/2019:15:03:38 +0000] "POST /api/add HTTP/1.1" 200 149
::1 - - [21/Nov/2019:15:04:19 +0000] "POST /api/add HTTP/1.1" 200 149
::1 - - [21/Nov/2019:15:04:20 +0000] "POST /api/add HTTP/1.1" 200 149
::1 - - [21/Nov/2019:15:09:11 +0000] "POST /api/add HTTP/1.1" 200 149
::1 - - [21/Nov/2019:15:09:11 +0000] "POST /api/add HTTP/1.1" 200 149
::1 - - [21/Nov/2019:15:09:19 +0000] "POST /api/add HTTP/1.1" 200 149
::1 - - [21/Nov/2019:15:09:19 +0000] "POST /api/add HTTP/1.1" 200 149
::1 - - [21/Nov/2019:15:50:05 +0000] "POST /api/add HTTP/1.1" 200 149
::1 - - [21/Nov/2019:16:04:33 +0000] "POST /api/add HTTP/1.1" 200 291
::1 - - [21/Nov/2019:16:05:23 +0000] "POST /api/add HTTP/1.1" 200 298
::1 - - [21/Nov/2019:16:07:03 +0000] "POST /api/add HTTP/1.1" 200 286
::1 - - [21/Nov/2019:16:07:57 +0000] "POST /api/add HTTP/1.1" 200 313
::1 - - [21/Nov/2019:16:08:44 +0000] "POST /api/add HTTP/1.1" 200 291
::1 - - [21/Nov/2019:16:09:47 +0000] "POST /api/add HTTP/1.1" 200 296
::1 - - [21/Nov/2019:16:10:26 +0000] "POST /api/add HTTP/1.1" 200 283
::1 - - [21/Nov/2019:16:11:01 +0000] "POST /api/add HTTP/1.1" 200 310
::1 - - [21/Nov/2019:16:11:39 +0000] "POST /api/add HTTP/1.1" 200 296
::1 - - [21/Nov/2019:16:12:28 +0000] "POST /api/add HTTP/1.1" 200 297
::1 - - [21/Nov/2019:16:15:01 +0000] "GET /api/products HTTP/1.1" 404 151
::1 - - [21/Nov/2019:16:15:40 +0000] "POST /api/products HTTP/1.1" 404 152
::1 - - [21/Nov/2019:16:18:22 +0000] "GET /api/products HTTP/1.1" 200 2970
::1 - - [21/Nov/2019:16:19:27 +0000] "GET /api/products HTTP/1.1" 200 2970
::1 - - [21/Nov/2019:16:19:40 +0000] "GET /api/productfilter/sextants HTTP/1.1" 404 165
::1 - - [21/Nov/2019:16:19:41 +0000] "GET /api/productfilter/telescopes HTTP/1.1" 404 167
::1 - - [21/Nov/2019:16:24:53 +0000] "GET /api/contacts HTTP/1.1" 404 151
::1 - - [21/Nov/2019:16:25:09 +0000] "GET /api/contacts HTTP/1.1" 404 151
::1 - - [21/Nov/2019:16:25:09 +0000] "GET /api/products HTTP/1.1" 304 -
::1 - - [21/Nov/2019:16:26:03 +0000] "GET /api/contacts HTTP/1.1" 404 151
::1 - - [21/Nov/2019:20:01:09 +0000] "GET /api/products HTTP/1.1" 304 -
::1 - - [21/Nov/2019:20:01:15 +0000] "GET /api/products HTTP/1.1" 200 2970
::1 - - [21/Nov/2019:20:09:05 +0000] "GET /api/products HTTP/1.1" 304 -
::1 - - [21/Nov/2019:20:10:42 +0000] "GET /api/products HTTP/1.1" 304 -
::1 - - [21/Nov/2019:20:11:16 +0000] "GET /api/products HTTP/1.1" 304 -
::1 - - [21/Nov/2019:20:15:46 +0000] "GET /api/products HTTP/1.1" 304 -
::1 - - [21/Nov/2019:20:16:04 +0000] "GET /api/products HTTP/1.1" 304 -
::1 - - [21/Nov/2019:21:16:24 +0000] "GET /api/products HTTP/1.1" 304 -
::1 - - [21/Nov/2019:21:16:35 +0000] "GET /api/contacts HTTP/1.1" 404 151
::1 - - [21/Nov/2019:21:18:26 +0000] "GET /api/products HTTP/1.1" 304 -
::1 - - [21/Nov/2019:21:48:33 +0000] "GET /api/products HTTP/1.1" 304 -
::1 - - [21/Nov/2019:21:52:53 +0000] "GET /api/products HTTP/1.1" 304 -
::1 - - [22/Nov/2019:15:58:01 +0000] "GET /api/products HTTP/1.1" 304 -
::1 - - [22/Nov/2019:15:58:04 +0000] "GET /api/contacts HTTP/1.1" 404 151
::1 - - [22/Nov/2019:17:22:31 +0000] "GET /api/products HTTP/1.1" 304 -
::1 - - [22/Nov/2019:17:23:48 +0000] "GET /api/products HTTP/1.1" 304 -
::1 - - [22/Nov/2019:17:24:43 +0000] "GET /api/products HTTP/1.1" 304 -
::1 - - [22/Nov/2019:17:30:00 +0000] "GET /api/products HTTP/1.1" 304 -
::1 - - [22/Nov/2019:20:34:55 +0000] "GET /api/products HTTP/1.1" 304 -
::1 - - [22/Nov/2019:20:39:26 +0000] "GET /api/products HTTP/1.1" 304 -
::1 - - [22/Nov/2019:20:47:30 +0000] "GET /api/products HTTP/1.1" 304 -
::1 - - [22/Nov/2019:20:47:48 +0000] "GET /api/products HTTP/1.1" 304 -
::1 - - [22/Nov/2019:20:52:16 +0000] "GET /api/products HTTP/1.1" 304 -
::1 - - [22/Nov/2019:20:52:27 +0000] "GET /api/products HTTP/1.1" 304 -
::1 - - [22/Nov/2019:20:52:31 +0000] "GET /api/products HTTP/1.1" 304 -
::1 - - [22/Nov/2019:20:55:02 +0000] "GET /api/products HTTP/1.1" 304 -
::1 - - [22/Nov/2019:20:57:20 +0000] "GET /api/products HTTP/1.1" 304 -
::1 - - [22/Nov/2019:21:02:39 +0000] "GET /api/products HTTP/1.1" 200 2970
::1 - - [22/Nov/2019:21:02:45 +0000] "GET /api/users HTTP/1.1" 200 2
::1 - - [22/Nov/2019:21:08:10 +0000] "GET /api/products HTTP/1.1" 304 -
::1 - - [22/Nov/2019:21:08:17 +0000] "GET /api/products HTTP/1.1" 304 -
::1 - - [22/Nov/2019:21:08:18 +0000] "GET /api/products HTTP/1.1" 304 -
::1 - - [22/Nov/2019:21:08:19 +0000] "GET /api/products HTTP/1.1" 304 -
::1 - - [22/Nov/2019:21:08:19 +0000] "GET /api/products HTTP/1.1" 304 -
::1 - - [22/Nov/2019:21:08:19 +0000] "GET /api/products HTTP/1.1" 304 -
::1 - - [22/Nov/2019:21:10:32 +0000] "GET /api/products HTTP/1.1" 304 -
::1 - - [22/Nov/2019:21:12:29 +0000] "GET /api/products HTTP/1.1" 304 -
::1 - - [22/Nov/2019:21:12:43 +0000] "GET /api/products HTTP/1.1" 304 -
::1 - - [22/Nov/2019:21:14:23 +0000] "GET /api/products HTTP/1.1" 304 -
::1 - - [22/Nov/2019:21:14:31 +0000] "GET /api/products HTTP/1.1" 304 -
::1 - - [22/Nov/2019:21:14:59 +0000] "GET /api/products HTTP/1.1" 304 -
::1 - - [22/Nov/2019:21:15:03 +0000] "GET /api/products HTTP/1.1" 304 -
::1 - - [22/Nov/2019:21:15:09 +0000] "GET /api/products HTTP/1.1" 304 -
::1 - - [22/Nov/2019:21:15:14 +0000] "GET /api/products HTTP/1.1" 304 -
::1 - - [22/Nov/2019:21:15:17 +0000] "GET /api/products HTTP/1.1" 304 -
::1 - - [22/Nov/2019:21:25:26 +0000] "GET /api/products HTTP/1.1" 304 -
::1 - - [22/Nov/2019:21:26:04 +0000] "GET /api/products HTTP/1.1" 304 -
::1 - - [22/Nov/2019:21:26:28 +0000] "GET /api/products HTTP/1.1" 304 -
::1 - - [22/Nov/2019:21:27:14 +0000] "GET /api/users HTTP/1.1" 200 2
::1 - - [22/Nov/2019:21:29:13 +0000] "GET /api/products HTTP/1.1" 304 -
::1 - - [22/Nov/2019:21:29:25 +0000] "GET /api/products HTTP/1.1" 304 -
::1 - - [22/Nov/2019:21:31:03 +0000] "GET /api/products HTTP/1.1" 304 -
::1 - - [22/Nov/2019:21:34:43 +0000] "GET /api/products HTTP/1.1" 304 -
::1 - - [22/Nov/2019:21:35:05 +0000] "GET /api/products HTTP/1.1" 304 -
::1 - - [22/Nov/2019:21:35:11 +0000] "GET /api/products HTTP/1.1" 304 -
::1 - - [22/Nov/2019:21:36:47 +0000] "GET /api/products HTTP/1.1" 304 -
::1 - - [22/Nov/2019:21:37:15 +0000] "GET /api/products HTTP/1.1" 304 -
::1 - - [22/Nov/2019:21:37:44 +0000] "GET /api/products HTTP/1.1" 304 -
::1 - - [22/Nov/2019:21:37:46 +0000] "GET /api/products HTTP/1.1" 304 -
::1 - - [22/Nov/2019:21:37:55 +0000] "GET /api/products HTTP/1.1" 304 -
::1 - - [22/Nov/2019:21:38:32 +0000] "GET /api/products HTTP/1.1" 304 -
::1 - - [22/Nov/2019:21:38:49 +0000] "GET /api/products HTTP/1.1" 304 -
::1 - - [22/Nov/2019:21:39:18 +0000] "GET /api/users HTTP/1.1" 200 2
::1 - - [22/Nov/2019:21:41:17 +0000] "GET /api/products HTTP/1.1" 304 -
::1 - - [22/Nov/2019:21:42:46 +0000] "GET /api/products HTTP/1.1" 304 -
::1 - - [22/Nov/2019:21:43:12 +0000] "GET /api/products HTTP/1.1" 304 -
::1 - - [22/Nov/2019:21:43:28 +0000] "GET /api/products HTTP/1.1" 304 -
::1 - - [22/Nov/2019:21:43:52 +0000] "GET /api/products HTTP/1.1" 304 -
::1 - - [22/Nov/2019:21:46:34 +0000] "GET /api/products HTTP/1.1" 200 2970
::1 - - [22/Nov/2019:21:47:00 +0000] "GET /api/products HTTP/1.1" 304 -
::1 - - [22/Nov/2019:21:47:34 +0000] "GET /api/products HTTP/1.1" 304 -
::1 - - [22/Nov/2019:21:47:41 +0000] "GET /api/products HTTP/1.1" 304 -
::1 - - [22/Nov/2019:21:56:17 +0000] "GET /api/products HTTP/1.1" 304 -
::1 - - [22/Nov/2019:21:59:43 +0000] "GET /api/products HTTP/1.1" 304 -
::1 - - [22/Nov/2019:22:00:16 +0000] "GET /api/products HTTP/1.1" 304 -
::1 - - [25/Nov/2019:00:16:08 +0000] "GET /api/products HTTP/1.1" 304 -
::1 - - [25/Nov/2019:00:16:14 +0000] "GET /api/products HTTP/1.1" 304 -
::1 - - [25/Nov/2019:00:19:36 +0000] "GET /api/products HTTP/1.1" 304 -
::1 - - [25/Nov/2019:00:21:33 +0000] "GET /api/products HTTP/1.1" 304 -
::1 - - [25/Nov/2019:00:21:37 +0000] "GET /api/products HTTP/1.1" 304 -
::1 - - [25/Nov/2019:00:22:13 +0000] "GET /api/products HTTP/1.1" 304 -
::1 - - [25/Nov/2019:00:22:16 +0000] "GET /api/products HTTP/1.1" 304 -
::1 - - [25/Nov/2019:00:22:23 +0000] "GET /api/products HTTP/1.1" 304 -
::1 - - [25/Nov/2019:00:26:20 +0000] "GET /api/products HTTP/1.1" 304 -
::1 - - [25/Nov/2019:00:26:37 +0000] "GET /api/products HTTP/1.1" 304 -
::1 - - [25/Nov/2019:00:27:42 +0000] "GET /api/products HTTP/1.1" 304 -
::1 - - [25/Nov/2019:00:29:57 +0000] "GET /api/products HTTP/1.1" 304 -
::1 - - [25/Nov/2019:00:31:11 +0000] "GET /api/products HTTP/1.1" 304 -
::1 - - [25/Nov/2019:00:32:14 +0000] "GET /api/products HTTP/1.1" 304 -
::1 - - [25/Nov/2019:00:32:20 +0000] "GET /api/products HTTP/1.1" 304 -
::1 - - [25/Nov/2019:00:33:46 +0000] "GET /api/products HTTP/1.1" 304 -
::1 - - [25/Nov/2019:00:33:48 +0000] "GET /api/products HTTP/1.1" 304 -
::1 - - [25/Nov/2019:00:34:06 +0000] "GET /api/products HTTP/1.1" 304 -
::1 - - [25/Nov/2019:00:43:40 +0000] "GET /api/products HTTP/1.1" 304 -
::1 - - [25/Nov/2019:00:46:57 +0000] "GET /api/products HTTP/1.1" 304 -
::1 - - [25/Nov/2019:00:48:00 +0000] "GET /api/products HTTP/1.1" 304 -
::1 - - [25/Nov/2019:00:49:19 +0000] "GET /api/products HTTP/1.1" 304 -
::1 - - [25/Nov/2019:00:58:39 +0000] "GET /api/products HTTP/1.1" 304 -
::1 - - [25/Nov/2019:01:00:04 +0000] "POST /api/users HTTP/1.1" 200 30
::1 - - [25/Nov/2019:01:00:09 +0000] "POST /api/users HTTP/1.1" 200 30
::1 - - [25/Nov/2019:01:00:12 +0000] "GET /api/products HTTP/1.1" 304 -
::1 - - [25/Nov/2019:01:00:20 +0000] "POST /api/users HTTP/1.1" 200 30
::1 - - [25/Nov/2019:01:00:21 +0000] "POST /api/users HTTP/1.1" 200 17
::1 - - [25/Nov/2019:01:00:21 +0000] "POST /api/users HTTP/1.1" 200 17
::1 - - [25/Nov/2019:01:00:22 +0000] "POST /api/users HTTP/1.1" 200 17
::1 - - [25/Nov/2019:01:00:22 +0000] "POST /api/users HTTP/1.1" 200 17
::1 - - [25/Nov/2019:01:00:22 +0000] "POST /api/users HTTP/1.1" 200 17
::1 - - [25/Nov/2019:01:00:22 +0000] "POST /api/users HTTP/1.1" 200 17
::1 - - [25/Nov/2019:01:00:30 +0000] "POST /api/users/authenticate HTTP/1.1" 200 245
::1 - - [25/Nov/2019:01:00:49 +0000] "POST /api/users HTTP/1.1" 200 283
::1 - - [25/Nov/2019:01:05:50 +0000] "GET /api/products HTTP/1.1" 304 -
::1 - - [25/Nov/2019:01:05:59 +0000] "POST /api/users/authenticate HTTP/1.1" 200 245
::1 - - [25/Nov/2019:01:06:06 +0000] "GET /api/contacts HTTP/1.1" 404 251
::1 - - [25/Nov/2019:01:06:15 +0000] "POST /api/users HTTP/1.1" 200 259
::1 - - [25/Nov/2019:01:21:11 +0000] "GET /api/products HTTP/1.1" 304 -
::1 - - [25/Nov/2019:01:21:17 +0000] "POST /api/users HTTP/1.1" 200 259
::1 - - [25/Nov/2019:01:21:42 +0000] "GET /api/products HTTP/1.1" 304 -
::1 - - [25/Nov/2019:01:21:48 +0000] "POST /api/users/authenticate HTTP/1.1" 200 245
::1 - - [25/Nov/2019:01:21:55 +0000] "POST /api/users HTTP/1.1" 200 30
::1 - - [25/Nov/2019:01:22:01 +0000] "POST /api/users/authenticate HTTP/1.1" 200 245
::1 - - [25/Nov/2019:01:22:09 +0000] "POST /api/users HTTP/1.1" 200 259
::1 - - [25/Nov/2019:01:24:05 +0000] "GET /api/products HTTP/1.1" 304 -
::1 - - [25/Nov/2019:01:24:16 +0000] "POST /api/users/authenticate HTTP/1.1" 200 49
::1 - - [25/Nov/2019:01:24:20 +0000] "POST /api/users HTTP/1.1" 200 259
::1 - - [25/Nov/2019:01:25:12 +0000] "GET /api/products HTTP/1.1" 304 -
::1 - - [25/Nov/2019:01:25:22 +0000] "GET /api/products HTTP/1.1" 304 -
::1 - - [25/Nov/2019:01:25:28 +0000] "POST /api/users HTTP/1.1" 200 30
::1 - - [25/Nov/2019:01:25:32 +0000] "POST /api/users/authenticate HTTP/1.1" 200 245
::1 - - [25/Nov/2019:01:25:56 +0000] "POST /api/users HTTP/1.1" 200 259
::1 - - [25/Nov/2019:01:26:40 +0000] "GET /api/products HTTP/1.1" 304 -
::1 - - [25/Nov/2019:01:26:44 +0000] "POST /api/users HTTP/1.1" 200 259
::1 - - [25/Nov/2019:01:26:54 +0000] "GET /api/products HTTP/1.1" 304 -
::1 - - [25/Nov/2019:01:26:59 +0000] "POST /api/users HTTP/1.1" 200 259
::1 - - [25/Nov/2019:01:27:03 +0000] "GET /api/products HTTP/1.1" 304 -
::1 - - [25/Nov/2019:01:27:06 +0000] "POST /api/users HTTP/1.1" 200 30
::1 - - [25/Nov/2019:01:27:09 +0000] "POST /api/users HTTP/1.1" 200 30
::1 - - [25/Nov/2019:01:27:13 +0000] "POST /api/users HTTP/1.1" 200 259
::1 - - [25/Nov/2019:01:27:45 +0000] "GET /api/products HTTP/1.1" 304 -
::1 - - [25/Nov/2019:01:27:52 +0000] "POST /api/users HTTP/1.1" 200 259
::1 - - [25/Nov/2019:01:28:28 +0000] "GET /api/products HTTP/1.1" 304 -
::1 - - [25/Nov/2019:01:28:33 +0000] "POST /api/users HTTP/1.1" 200 259
::1 - - [25/Nov/2019:01:29:45 +0000] "GET /api/products HTTP/1.1" 304 -
::1 - - [25/Nov/2019:01:29:48 +0000] "POST /api/users HTTP/1.1" 200 259
::1 - - [25/Nov/2019:01:31:27 +0000] "GET /api/products HTTP/1.1" 304 -
::1 - - [25/Nov/2019:01:31:34 +0000] "POST /api/users/authenticate HTTP/1.1" 200 49
::1 - - [25/Nov/2019:01:31:47 +0000] "POST /api/users HTTP/1.1" 200 272
::1 - - [25/Nov/2019:01:36:48 +0000] "GET /api/products HTTP/1.1" 304 -
::1 - - [25/Nov/2019:01:37:11 +0000] "POST /api/users HTTP/1.1" 200 296
::1 - - [25/Nov/2019:01:37:30 +0000] "POST /api/users/authenticate HTTP/1.1" 200 49
::1 - - [25/Nov/2019:01:37:45 +0000] "POST /api/users HTTP/1.1" 200 264
::1 - - [25/Nov/2019:01:37:57 +0000] "POST /api/users/authenticate HTTP/1.1" 200 250
::1 - - [25/Nov/2019:01:37:58 +0000] "GET /api/contacts HTTP/1.1" 404 251
::1 - - [25/Nov/2019:01:38:02 +0000] "GET /api/productfilter/sextants HTTP/1.1" 404 251
::1 - - [25/Nov/2019:01:38:04 +0000] "GET /api/productfilter/telescopes HTTP/1.1" 404 251
::1 - - [25/Nov/2019:01:38:04 +0000] "GET /api/productprice/lowprice HTTP/1.1" 404 251
::1 - - [25/Nov/2019:01:40:23 +0000] "POST /api/users HTTP/1.1" 200 288
::1 - - [25/Nov/2019:01:41:08 +0000] "POST /api/users/authenticate HTTP/1.1" 200 274
::1 - - [25/Nov/2019:02:34:10 +0000] "GET /api/products HTTP/1.1" 304 -
::1 - - [25/Nov/2019:02:34:22 +0000] "POST /api/users HTTP/1.1" 200 267
::1 - - [25/Nov/2019:02:34:43 +0000] "POST /api/users/authenticate HTTP/1.1" 200 253
::1 - - [25/Nov/2019:02:39:25 +0000] "GET /api/products HTTP/1.1" 304 -
::1 - - [25/Nov/2019:02:39:36 +0000] "GET /api/products HTTP/1.1" 304 -
::1 - - [25/Nov/2019:02:40:07 +0000] "GET /api/products HTTP/1.1" 304 -
::1 - - [25/Nov/2019:02:40:16 +0000] "POST /api/users HTTP/1.1" 200 283
::1 - - [25/Nov/2019:02:40:25 +0000] "POST /api/users/authenticate HTTP/1.1" 200 269
